# Logfile created on 2020-02-05 13:29:13 +0530 by logger.rb/66358
[02/05/20 13:29:13 +0530 viveck-ThinkPad-E470 (31528)] INFO : No configuration file loaded, and no configuration found in ENV. For assistance configuring Scout, visit https://docs.scoutapm.com/#ruby-configuration-options
[02/05/20 13:29:13 +0530 viveck-ThinkPad-E470 (31528)] INFO : Scout Agent [2.6.6] Initialized
[02/05/20 13:29:13 +0530 viveck-ThinkPad-E470 (31528)] INFO : Not Loading Instruments
[02/05/20 13:29:13 +0530 viveck-ThinkPad-E470 (31528)] INFO : Scout Agent [2.6.6] Installed
[02/05/20 13:29:13 +0530 viveck-ThinkPad-E470 (31528)] INFO : Monitoring isn't enabled for the [development] environment.
[02/05/20 13:29:13 +0530 viveck-ThinkPad-E470 (31528)] INFO : Deferring agent start. Standing by for first request
[02/05/20 13:29:19 +0530 viveck-ThinkPad-E470 (31622)] INFO : No configuration file loaded, and no configuration found in ENV. For assistance configuring Scout, visit https://docs.scoutapm.com/#ruby-configuration-options
[02/05/20 13:29:19 +0530 viveck-ThinkPad-E470 (31622)] INFO : Scout Agent [2.6.6] Initialized
[02/05/20 13:29:19 +0530 viveck-ThinkPad-E470 (31622)] INFO : Not Loading Instruments
[02/05/20 13:29:19 +0530 viveck-ThinkPad-E470 (31622)] INFO : Scout Agent [2.6.6] Installed
[02/05/20 13:29:19 +0530 viveck-ThinkPad-E470 (31622)] INFO : Monitoring isn't enabled for the [development] environment.
[02/05/20 13:29:19 +0530 viveck-ThinkPad-E470 (31622)] INFO : Deferring agent start. Standing by for first request
[02/05/20 13:30:03 +0530 viveck-ThinkPad-E470 (31928)] INFO : No configuration file loaded, and no configuration found in ENV. For assistance configuring Scout, visit https://docs.scoutapm.com/#ruby-configuration-options
[02/05/20 13:30:03 +0530 viveck-ThinkPad-E470 (31928)] INFO : Scout Agent [2.6.6] Initialized
[02/05/20 13:30:03 +0530 viveck-ThinkPad-E470 (31928)] INFO : Not Loading Instruments
[02/05/20 13:30:03 +0530 viveck-ThinkPad-E470 (31928)] INFO : Scout Agent [2.6.6] Installed
[02/05/20 13:30:03 +0530 viveck-ThinkPad-E470 (31928)] INFO : Monitoring isn't enabled for the [development] environment.
[02/05/20 13:30:03 +0530 viveck-ThinkPad-E470 (31928)] INFO : Deferring agent start. Standing by for first request
[02/05/20 13:30:14 +0530 viveck-ThinkPad-E470 (32211)] INFO : No configuration file loaded, and no configuration found in ENV. For assistance configuring Scout, visit https://docs.scoutapm.com/#ruby-configuration-options
[02/05/20 13:30:14 +0530 viveck-ThinkPad-E470 (32211)] INFO : Scout Agent [2.6.6] Initialized
[02/05/20 13:30:14 +0530 viveck-ThinkPad-E470 (32211)] INFO : Not Loading Instruments
[02/05/20 13:30:14 +0530 viveck-ThinkPad-E470 (32211)] INFO : Scout Agent [2.6.6] Installed
[02/05/20 13:30:14 +0530 viveck-ThinkPad-E470 (32211)] INFO : Monitoring isn't enabled for the [development] environment.
[02/05/20 13:30:14 +0530 viveck-ThinkPad-E470 (32211)] INFO : Deferring agent start. Standing by for first request
[02/05/20 13:30:21 +0530 viveck-ThinkPad-E470 (32314)] INFO : No configuration file loaded, and no configuration found in ENV. For assistance configuring Scout, visit https://docs.scoutapm.com/#ruby-configuration-options
[02/05/20 13:30:21 +0530 viveck-ThinkPad-E470 (32314)] INFO : Scout Agent [2.6.6] Initialized
[02/05/20 13:30:21 +0530 viveck-ThinkPad-E470 (32314)] INFO : Not Loading Instruments
[02/05/20 13:30:21 +0530 viveck-ThinkPad-E470 (32314)] INFO : Scout Agent [2.6.6] Installed
[02/05/20 13:30:21 +0530 viveck-ThinkPad-E470 (32314)] INFO : Monitoring isn't enabled for the [development] environment.
[02/05/20 13:30:21 +0530 viveck-ThinkPad-E470 (32314)] INFO : Deferring agent start. Standing by for first request
[02/05/20 13:30:38 +0530 viveck-ThinkPad-E470 (32431)] INFO : No configuration file loaded, and no configuration found in ENV. For assistance configuring Scout, visit https://docs.scoutapm.com/#ruby-configuration-options
[02/05/20 13:30:38 +0530 viveck-ThinkPad-E470 (32431)] INFO : Scout Agent [2.6.6] Initialized
[02/05/20 13:30:38 +0530 viveck-ThinkPad-E470 (32431)] INFO : Not Loading Instruments
[02/05/20 13:30:38 +0530 viveck-ThinkPad-E470 (32431)] INFO : Scout Agent [2.6.6] Installed
[02/05/20 13:30:38 +0530 viveck-ThinkPad-E470 (32431)] INFO : Monitoring isn't enabled for the [development] environment.
[02/05/20 13:30:38 +0530 viveck-ThinkPad-E470 (32431)] INFO : Deferring agent start. Standing by for first request
[02/05/20 13:30:55 +0530 viveck-ThinkPad-E470 (32544)] INFO : No configuration file loaded, and no configuration found in ENV. For assistance configuring Scout, visit https://docs.scoutapm.com/#ruby-configuration-options
[02/05/20 13:30:55 +0530 viveck-ThinkPad-E470 (32544)] INFO : Scout Agent [2.6.6] Initialized
[02/05/20 13:30:55 +0530 viveck-ThinkPad-E470 (32544)] INFO : Not Loading Instruments
[02/05/20 13:30:55 +0530 viveck-ThinkPad-E470 (32544)] INFO : Scout Agent [2.6.6] Installed
[02/05/20 13:30:55 +0530 viveck-ThinkPad-E470 (32544)] INFO : Monitoring isn't enabled for the [development] environment.
[02/05/20 13:30:55 +0530 viveck-ThinkPad-E470 (32544)] INFO : Deferring agent start. Standing by for first request
[02/05/20 13:31:06 +0530 viveck-ThinkPad-E470 (32696)] INFO : No configuration file loaded, and no configuration found in ENV. For assistance configuring Scout, visit https://docs.scoutapm.com/#ruby-configuration-options
[02/05/20 13:31:06 +0530 viveck-ThinkPad-E470 (32696)] INFO : Scout Agent [2.6.6] Initialized
[02/05/20 13:31:06 +0530 viveck-ThinkPad-E470 (32696)] INFO : Not Loading Instruments
[02/05/20 13:31:06 +0530 viveck-ThinkPad-E470 (32696)] INFO : Scout Agent [2.6.6] Installed
[02/05/20 13:31:06 +0530 viveck-ThinkPad-E470 (32696)] INFO : Monitoring isn't enabled for the [development] environment.
[02/05/20 13:31:06 +0530 viveck-ThinkPad-E470 (32696)] INFO : Deferring agent start. Standing by for first request
[02/05/20 13:31:15 +0530 viveck-ThinkPad-E470 (345)] INFO : No configuration file loaded, and no configuration found in ENV. For assistance configuring Scout, visit https://docs.scoutapm.com/#ruby-configuration-options
[02/05/20 13:31:15 +0530 viveck-ThinkPad-E470 (345)] INFO : Scout Agent [2.6.6] Initialized
[02/05/20 13:31:15 +0530 viveck-ThinkPad-E470 (345)] INFO : Not Loading Instruments
[02/05/20 13:31:15 +0530 viveck-ThinkPad-E470 (345)] INFO : Scout Agent [2.6.6] Installed
[02/05/20 13:31:15 +0530 viveck-ThinkPad-E470 (345)] INFO : Monitoring isn't enabled for the [development] environment.
[02/05/20 13:31:15 +0530 viveck-ThinkPad-E470 (345)] INFO : Deferring agent start. Standing by for first request
[02/05/20 13:31:24 +0530 viveck-ThinkPad-E470 (474)] INFO : No configuration file loaded, and no configuration found in ENV. For assistance configuring Scout, visit https://docs.scoutapm.com/#ruby-configuration-options
[02/05/20 13:31:24 +0530 viveck-ThinkPad-E470 (474)] INFO : Scout Agent [2.6.6] Initialized
[02/05/20 13:31:24 +0530 viveck-ThinkPad-E470 (474)] INFO : Not Loading Instruments
[02/05/20 13:31:24 +0530 viveck-ThinkPad-E470 (474)] INFO : Scout Agent [2.6.6] Installed
[02/05/20 13:31:24 +0530 viveck-ThinkPad-E470 (474)] INFO : Monitoring isn't enabled for the [development] environment.
[02/05/20 13:31:24 +0530 viveck-ThinkPad-E470 (474)] INFO : Deferring agent start. Standing by for first request
